0 info it worked if it ends with ok
1 verbose cli [ 'C:\\Program Files\\nodejs\\node.exe',
1 verbose cli   'C:\\Program Files\\nodejs\\node_modules\\npm\\bin\\npm-cli.js',
1 verbose cli   'start' ]
2 info using npm@3.10.10
3 info using node@v6.10.3
4 verbose run-script [ 'prestart', 'start', 'poststart' ]
5 info lifecycle com-hookedup-action-app-cordova-http@1.0.2~prestart: com-hookedup-action-app-cordova-http@1.0.2
6 silly lifecycle com-hookedup-action-app-cordova-http@1.0.2~prestart: no script for prestart, continuing
7 info lifecycle com-hookedup-action-app-cordova-http@1.0.2~start: com-hookedup-action-app-cordova-http@1.0.2
8 verbose lifecycle com-hookedup-action-app-cordova-http@1.0.2~start: unsafe-perm in lifecycle true
9 verbose lifecycle com-hookedup-action-app-cordova-http@1.0.2~start: PATH: C:\Program Files\nodejs\node_modules\npm\bin\node-gyp-bin;C:\Users\joe\git\aa\action-app-cordova\node_modules\.bin;C:\ProgramData\Oracle\Java\javapath;C:\WINDOWS\system32;C:\WINDOWS;C:\WINDOWS\System32\Wbem;C:\WINDOWS\System32\WindowsPowerShell\v1.0\;C:\Program Files\Git\cmd;C:\Program Files\Git\mingw64\bin;C:\Program Files\Git\usr\bin;C:\Program Files\nodejs\;C:\Program Files\Microsoft SQL Server\110\Tools\Binn\;C:\Program Files\Cloud Foundry;C:\Program Files\IBM\Bluemix\bin;C:\Program Files\RedHat\java-1.8.0-openjdk-1.8.0.131-1\bin;C:\WINDOWS\system32\config\systemprofile\AppData\Roaming\npm\node_modules;C:\nginx;C:\Program Files\PuTTY\;C:\Program Files\dotnet\;C:\Program Files\Microsoft SQL Server\130\Tools\Binn\;C:\Users\joe\AppData\Local\Microsoft\WindowsApps;;C:\Program Files (x86)\Microsoft VS Code\bin;C:\Users\joe\AppData\Roaming\npm
10 verbose lifecycle com-hookedup-action-app-cordova-http@1.0.2~start: CWD: C:\Users\joe\git\aa\action-app-cordova
11 silly lifecycle com-hookedup-action-app-cordova-http@1.0.2~start: Args: [ '/d /s /c', 'node app.js' ]
12 silly lifecycle com-hookedup-action-app-cordova-http@1.0.2~start: Returned: code: 1  signal: null
13 info lifecycle com-hookedup-action-app-cordova-http@1.0.2~start: Failed to exec start script
14 verbose stack Error: com-hookedup-action-app-cordova-http@1.0.2 start: `node app.js`
14 verbose stack Exit status 1
14 verbose stack     at EventEmitter.<anonymous> (C:\Program Files\nodejs\node_modules\npm\lib\utils\lifecycle.js:255:16)
14 verbose stack     at emitTwo (events.js:106:13)
14 verbose stack     at EventEmitter.emit (events.js:191:7)
14 verbose stack     at ChildProcess.<anonymous> (C:\Program Files\nodejs\node_modules\npm\lib\utils\spawn.js:40:14)
14 verbose stack     at emitTwo (events.js:106:13)
14 verbose stack     at ChildProcess.emit (events.js:191:7)
14 verbose stack     at maybeClose (internal/child_process.js:886:16)
14 verbose stack     at Process.ChildProcess._handle.onexit (internal/child_process.js:226:5)
15 verbose pkgid com-hookedup-action-app-cordova-http@1.0.2
16 verbose cwd C:\Users\joe\git\aa\action-app-cordova
17 error Windows_NT 10.0.16299
18 error argv "C:\\Program Files\\nodejs\\node.exe" "C:\\Program Files\\nodejs\\node_modules\\npm\\bin\\npm-cli.js" "start"
19 error node v6.10.3
20 error npm  v3.10.10
21 error code ELIFECYCLE
22 error com-hookedup-action-app-cordova-http@1.0.2 start: `node app.js`
22 error Exit status 1
23 error Failed at the com-hookedup-action-app-cordova-http@1.0.2 start script 'node app.js'.
23 error Make sure you have the latest version of node.js and npm installed.
23 error If you do, this is most likely a problem with the com-hookedup-action-app-cordova-http package,
23 error not with npm itself.
23 error Tell the author that this fails on your system:
23 error     node app.js
23 error You can get information on how to open an issue for this project with:
23 error     npm bugs com-hookedup-action-app-cordova-http
23 error Or if that isn't available, you can get their info via:
23 error     npm owner ls com-hookedup-action-app-cordova-http
23 error There is likely additional logging output above.
24 verbose exit [ 1, true ]
